INFO - 2023-12-25 17:52:57 --> Session: Class initialized using 'CodeIgniter\Session\Handlers\FileHandler' driver.
WARNING - 2023-12-25 17:52:57 --> [DEPRECATED] Creation of dynamic property App\Controllers\ProductosController::$session is deprecated in APPPATH\Controllers\ProductosController.php on line 9.
 1 SYSTEMPATH\CodeIgniter.php(914): App\Controllers\ProductosController->__construct()
 2 SYSTEMPATH\CodeIgniter.php(493): CodeIgniter\CodeIgniter->createController()
 3 SYSTEMPATH\CodeIgniter.php(361): CodeIgniter\CodeIgniter->handleRequest(null, Object(Config\Cache), false)
 4 FCPATH\index.php(70): CodeIgniter\CodeIgniter->run()
WARNING - 2023-12-25 17:52:57 --> [DEPRECATED] Creation of dynamic property App\Controllers\ProductosController::$Productos_model is deprecated in APPPATH\Controllers\ProductosController.php on line 10.
 1 SYSTEMPATH\CodeIgniter.php(914): App\Controllers\ProductosController->__construct()
 2 SYSTEMPATH\CodeIgniter.php(493): CodeIgniter\CodeIgniter->createController()
 3 SYSTEMPATH\CodeIgniter.php(361): CodeIgniter\CodeIgniter->handleRequest(null, Object(Config\Cache), false)
 4 FCPATH\index.php(70): CodeIgniter\CodeIgniter->run()
INFO - 2023-12-25 17:52:58 --> Session: Class initialized using 'CodeIgniter\Session\Handlers\FileHandler' driver.
WARNING - 2023-12-25 17:52:58 --> [DEPRECATED] Creation of dynamic property App\Controllers\ProductosController::$session is deprecated in APPPATH\Controllers\ProductosController.php on line 9.
 1 SYSTEMPATH\CodeIgniter.php(914): App\Controllers\ProductosController->__construct()
 2 SYSTEMPATH\CodeIgniter.php(493): CodeIgniter\CodeIgniter->createController()
 3 SYSTEMPATH\CodeIgniter.php(361): CodeIgniter\CodeIgniter->handleRequest(null, Object(Config\Cache), false)
 4 FCPATH\index.php(70): CodeIgniter\CodeIgniter->run()
WARNING - 2023-12-25 17:52:58 --> [DEPRECATED] Creation of dynamic property App\Controllers\ProductosController::$Productos_model is deprecated in APPPATH\Controllers\ProductosController.php on line 10.
 1 SYSTEMPATH\CodeIgniter.php(914): App\Controllers\ProductosController->__construct()
 2 SYSTEMPATH\CodeIgniter.php(493): CodeIgniter\CodeIgniter->createController()
 3 SYSTEMPATH\CodeIgniter.php(361): CodeIgniter\CodeIgniter->handleRequest(null, Object(Config\Cache), false)
 4 FCPATH\index.php(70): CodeIgniter\CodeIgniter->run()
INFO - 2023-12-25 17:53:09 --> Session: Class initialized using 'CodeIgniter\Session\Handlers\FileHandler' driver.
WARNING - 2023-12-25 17:53:09 --> [DEPRECATED] Creation of dynamic property App\Controllers\Admin\AdminProductosController::$session is deprecated in APPPATH\Controllers\Admin\AdminProductosController.php on line 11.
 1 SYSTEMPATH\CodeIgniter.php(914): App\Controllers\Admin\AdminProductosController->__construct()
 2 SYSTEMPATH\CodeIgniter.php(493): CodeIgniter\CodeIgniter->createController()
 3 SYSTEMPATH\CodeIgniter.php(361): CodeIgniter\CodeIgniter->handleRequest(null, Object(Config\Cache), false)
 4 FCPATH\index.php(70): CodeIgniter\CodeIgniter->run()
WARNING - 2023-12-25 17:53:09 --> [DEPRECATED] Creation of dynamic property App\Controllers\Admin\AdminProductosController::$Productos_model is deprecated in APPPATH\Controllers\Admin\AdminProductosController.php on line 12.
 1 SYSTEMPATH\CodeIgniter.php(914): App\Controllers\Admin\AdminProductosController->__construct()
 2 SYSTEMPATH\CodeIgniter.php(493): CodeIgniter\CodeIgniter->createController()
 3 SYSTEMPATH\CodeIgniter.php(361): CodeIgniter\CodeIgniter->handleRequest(null, Object(Config\Cache), false)
 4 FCPATH\index.php(70): CodeIgniter\CodeIgniter->run()
INFO - 2023-12-25 17:54:47 --> Session: Class initialized using 'CodeIgniter\Session\Handlers\FileHandler' driver.
WARNING - 2023-12-25 17:54:47 --> [DEPRECATED] Creation of dynamic property App\Controllers\Admin\AdminProductosController::$session is deprecated in APPPATH\Controllers\Admin\AdminProductosController.php on line 11.
 1 SYSTEMPATH\CodeIgniter.php(914): App\Controllers\Admin\AdminProductosController->__construct()
 2 SYSTEMPATH\CodeIgniter.php(493): CodeIgniter\CodeIgniter->createController()
 3 SYSTEMPATH\CodeIgniter.php(361): CodeIgniter\CodeIgniter->handleRequest(null, Object(Config\Cache), false)
 4 FCPATH\index.php(70): CodeIgniter\CodeIgniter->run()
WARNING - 2023-12-25 17:54:47 --> [DEPRECATED] Creation of dynamic property App\Controllers\Admin\AdminProductosController::$Productos_model is deprecated in APPPATH\Controllers\Admin\AdminProductosController.php on line 12.
 1 SYSTEMPATH\CodeIgniter.php(914): App\Controllers\Admin\AdminProductosController->__construct()
 2 SYSTEMPATH\CodeIgniter.php(493): CodeIgniter\CodeIgniter->createController()
 3 SYSTEMPATH\CodeIgniter.php(361): CodeIgniter\CodeIgniter->handleRequest(null, Object(Config\Cache), false)
 4 FCPATH\index.php(70): CodeIgniter\CodeIgniter->run()
INFO - 2023-12-25 17:54:59 --> Session: Class initialized using 'CodeIgniter\Session\Handlers\FileHandler' driver.
WARNING - 2023-12-25 17:54:59 --> [DEPRECATED] Creation of dynamic property App\Controllers\Admin\AdminProductosController::$session is deprecated in APPPATH\Controllers\Admin\AdminProductosController.php on line 11.
 1 SYSTEMPATH\CodeIgniter.php(914): App\Controllers\Admin\AdminProductosController->__construct()
 2 SYSTEMPATH\CodeIgniter.php(493): CodeIgniter\CodeIgniter->createController()
 3 SYSTEMPATH\CodeIgniter.php(361): CodeIgniter\CodeIgniter->handleRequest(null, Object(Config\Cache), false)
 4 FCPATH\index.php(70): CodeIgniter\CodeIgniter->run()
WARNING - 2023-12-25 17:54:59 --> [DEPRECATED] Creation of dynamic property App\Controllers\Admin\AdminProductosController::$Productos_model is deprecated in APPPATH\Controllers\Admin\AdminProductosController.php on line 12.
 1 SYSTEMPATH\CodeIgniter.php(914): App\Controllers\Admin\AdminProductosController->__construct()
 2 SYSTEMPATH\CodeIgniter.php(493): CodeIgniter\CodeIgniter->createController()
 3 SYSTEMPATH\CodeIgniter.php(361): CodeIgniter\CodeIgniter->handleRequest(null, Object(Config\Cache), false)
 4 FCPATH\index.php(70): CodeIgniter\CodeIgniter->run()
CRITICAL - 2023-12-25 17:54:59 --> fopen(C:\Users\diego\Downloads\productos.csv): Failed to open stream: No such file or directory
in APPPATH\Controllers\Admin\AdminProductosController.php on line 43.
 1 [internal function]: CodeIgniter\Debug\Exceptions->errorHandler(2, 'fopen(C:\\Users\\diego\\Downloads\\productos.csv): Failed to open stream: No such file or directory', 'C:\\xampp\\htdocs\\catalogo_botilleria\\app\\Controllers\\Admin\\AdminProductosController.php', 43)
 2 APPPATH\Controllers\Admin\AdminProductosController.php(43): fopen('C:\\Users\\diego\\Downloads\\productos.csv', 'r')
 3 SYSTEMPATH\CodeIgniter.php(942): App\Controllers\Admin\AdminProductosController->NuevoProducto()
 4 SYSTEMPATH\CodeIgniter.php(502): CodeIgniter\CodeIgniter->runController(Object(App\Controllers\Admin\AdminProductosController))
 5 SYSTEMPATH\CodeIgniter.php(361): CodeIgniter\CodeIgniter->handleRequest(null, Object(Config\Cache), false)
 6 FCPATH\index.php(70): CodeIgniter\CodeIgniter->run()
INFO - 2023-12-25 17:55:23 --> Session: Class initialized using 'CodeIgniter\Session\Handlers\FileHandler' driver.
WARNING - 2023-12-25 17:55:23 --> [DEPRECATED] Creation of dynamic property App\Controllers\Admin\AdminProductosController::$session is deprecated in APPPATH\Controllers\Admin\AdminProductosController.php on line 11.
 1 SYSTEMPATH\CodeIgniter.php(914): App\Controllers\Admin\AdminProductosController->__construct()
 2 SYSTEMPATH\CodeIgniter.php(493): CodeIgniter\CodeIgniter->createController()
 3 SYSTEMPATH\CodeIgniter.php(361): CodeIgniter\CodeIgniter->handleRequest(null, Object(Config\Cache), false)
 4 FCPATH\index.php(70): CodeIgniter\CodeIgniter->run()
WARNING - 2023-12-25 17:55:23 --> [DEPRECATED] Creation of dynamic property App\Controllers\Admin\AdminProductosController::$Productos_model is deprecated in APPPATH\Controllers\Admin\AdminProductosController.php on line 12.
 1 SYSTEMPATH\CodeIgniter.php(914): App\Controllers\Admin\AdminProductosController->__construct()
 2 SYSTEMPATH\CodeIgniter.php(493): CodeIgniter\CodeIgniter->createController()
 3 SYSTEMPATH\CodeIgniter.php(361): CodeIgniter\CodeIgniter->handleRequest(null, Object(Config\Cache), false)
 4 FCPATH\index.php(70): CodeIgniter\CodeIgniter->run()
INFO - 2023-12-25 17:56:18 --> Session: Class initialized using 'CodeIgniter\Session\Handlers\FileHandler' driver.
WARNING - 2023-12-25 17:56:18 --> [DEPRECATED] Creation of dynamic property App\Controllers\Admin\AdminProductosController::$session is deprecated in APPPATH\Controllers\Admin\AdminProductosController.php on line 11.
 1 SYSTEMPATH\CodeIgniter.php(914): App\Controllers\Admin\AdminProductosController->__construct()
 2 SYSTEMPATH\CodeIgniter.php(493): CodeIgniter\CodeIgniter->createController()
 3 SYSTEMPATH\CodeIgniter.php(361): CodeIgniter\CodeIgniter->handleRequest(null, Object(Config\Cache), false)
 4 FCPATH\index.php(70): CodeIgniter\CodeIgniter->run()
WARNING - 2023-12-25 17:56:18 --> [DEPRECATED] Creation of dynamic property App\Controllers\Admin\AdminProductosController::$Productos_model is deprecated in APPPATH\Controllers\Admin\AdminProductosController.php on line 12.
 1 SYSTEMPATH\CodeIgniter.php(914): App\Controllers\Admin\AdminProductosController->__construct()
 2 SYSTEMPATH\CodeIgniter.php(493): CodeIgniter\CodeIgniter->createController()
 3 SYSTEMPATH\CodeIgniter.php(361): CodeIgniter\CodeIgniter->handleRequest(null, Object(Config\Cache), false)
 4 FCPATH\index.php(70): CodeIgniter\CodeIgniter->run()
CRITICAL - 2023-12-25 17:56:18 --> Undefined array key 3
in APPPATH\Controllers\Admin\AdminProductosController.php on line 62.
 1 APPPATH\Controllers\Admin\AdminProductosController.php(62): CodeIgniter\Debug\Exceptions->errorHandler(2, 'Undefined array key 3', 'C:\\xampp\\htdocs\\catalogo_botilleria\\app\\Controllers\\Admin\\AdminProductosController.php', 62)
 2 SYSTEMPATH\CodeIgniter.php(942): App\Controllers\Admin\AdminProductosController->NuevoProducto()
 3 SYSTEMPATH\CodeIgniter.php(502): CodeIgniter\CodeIgniter->runController(Object(App\Controllers\Admin\AdminProductosController))
 4 SYSTEMPATH\CodeIgniter.php(361): CodeIgniter\CodeIgniter->handleRequest(null, Object(Config\Cache), false)
 5 FCPATH\index.php(70): CodeIgniter\CodeIgniter->run()
INFO - 2023-12-25 17:57:03 --> Session: Class initialized using 'CodeIgniter\Session\Handlers\FileHandler' driver.
WARNING - 2023-12-25 17:57:03 --> [DEPRECATED] Creation of dynamic property App\Controllers\Admin\AdminProductosController::$session is deprecated in APPPATH\Controllers\Admin\AdminProductosController.php on line 11.
 1 SYSTEMPATH\CodeIgniter.php(914): App\Controllers\Admin\AdminProductosController->__construct()
 2 SYSTEMPATH\CodeIgniter.php(493): CodeIgniter\CodeIgniter->createController()
 3 SYSTEMPATH\CodeIgniter.php(361): CodeIgniter\CodeIgniter->handleRequest(null, Object(Config\Cache), false)
 4 FCPATH\index.php(70): CodeIgniter\CodeIgniter->run()
WARNING - 2023-12-25 17:57:03 --> [DEPRECATED] Creation of dynamic property App\Controllers\Admin\AdminProductosController::$Productos_model is deprecated in APPPATH\Controllers\Admin\AdminProductosController.php on line 12.
 1 SYSTEMPATH\CodeIgniter.php(914): App\Controllers\Admin\AdminProductosController->__construct()
 2 SYSTEMPATH\CodeIgniter.php(493): CodeIgniter\CodeIgniter->createController()
 3 SYSTEMPATH\CodeIgniter.php(361): CodeIgniter\CodeIgniter->handleRequest(null, Object(Config\Cache), false)
 4 FCPATH\index.php(70): CodeIgniter\CodeIgniter->run()
INFO - 2023-12-25 17:58:12 --> Session: Class initialized using 'CodeIgniter\Session\Handlers\FileHandler' driver.
WARNING - 2023-12-25 17:58:12 --> [DEPRECATED] Creation of dynamic property App\Controllers\Admin\AdminProductosController::$session is deprecated in APPPATH\Controllers\Admin\AdminProductosController.php on line 11.
 1 SYSTEMPATH\CodeIgniter.php(914): App\Controllers\Admin\AdminProductosController->__construct()
 2 SYSTEMPATH\CodeIgniter.php(493): CodeIgniter\CodeIgniter->createController()
 3 SYSTEMPATH\CodeIgniter.php(361): CodeIgniter\CodeIgniter->handleRequest(null, Object(Config\Cache), false)
 4 FCPATH\index.php(70): CodeIgniter\CodeIgniter->run()
WARNING - 2023-12-25 17:58:12 --> [DEPRECATED] Creation of dynamic property App\Controllers\Admin\AdminProductosController::$Productos_model is deprecated in APPPATH\Controllers\Admin\AdminProductosController.php on line 12.
 1 SYSTEMPATH\CodeIgniter.php(914): App\Controllers\Admin\AdminProductosController->__construct()
 2 SYSTEMPATH\CodeIgniter.php(493): CodeIgniter\CodeIgniter->createController()
 3 SYSTEMPATH\CodeIgniter.php(361): CodeIgniter\CodeIgniter->handleRequest(null, Object(Config\Cache), false)
 4 FCPATH\index.php(70): CodeIgniter\CodeIgniter->run()
INFO - 2023-12-25 17:58:31 --> Session: Class initialized using 'CodeIgniter\Session\Handlers\FileHandler' driver.
WARNING - 2023-12-25 17:58:31 --> [DEPRECATED] Creation of dynamic property App\Controllers\Admin\AdminProductosController::$session is deprecated in APPPATH\Controllers\Admin\AdminProductosController.php on line 11.
 1 SYSTEMPATH\CodeIgniter.php(914): App\Controllers\Admin\AdminProductosController->__construct()
 2 SYSTEMPATH\CodeIgniter.php(493): CodeIgniter\CodeIgniter->createController()
 3 SYSTEMPATH\CodeIgniter.php(361): CodeIgniter\CodeIgniter->handleRequest(null, Object(Config\Cache), false)
 4 FCPATH\index.php(70): CodeIgniter\CodeIgniter->run()
WARNING - 2023-12-25 17:58:31 --> [DEPRECATED] Creation of dynamic property App\Controllers\Admin\AdminProductosController::$Productos_model is deprecated in APPPATH\Controllers\Admin\AdminProductosController.php on line 12.
 1 SYSTEMPATH\CodeIgniter.php(914): App\Controllers\Admin\AdminProductosController->__construct()
 2 SYSTEMPATH\CodeIgniter.php(493): CodeIgniter\CodeIgniter->createController()
 3 SYSTEMPATH\CodeIgniter.php(361): CodeIgniter\CodeIgniter->handleRequest(null, Object(Config\Cache), false)
 4 FCPATH\index.php(70): CodeIgniter\CodeIgniter->run()
INFO - 2023-12-25 17:58:40 --> Session: Class initialized using 'CodeIgniter\Session\Handlers\FileHandler' driver.
WARNING - 2023-12-25 17:58:40 --> [DEPRECATED] Creation of dynamic property App\Controllers\Admin\AdminProductosController::$session is deprecated in APPPATH\Controllers\Admin\AdminProductosController.php on line 11.
 1 SYSTEMPATH\CodeIgniter.php(914): App\Controllers\Admin\AdminProductosController->__construct()
 2 SYSTEMPATH\CodeIgniter.php(493): CodeIgniter\CodeIgniter->createController()
 3 SYSTEMPATH\CodeIgniter.php(361): CodeIgniter\CodeIgniter->handleRequest(null, Object(Config\Cache), false)
 4 FCPATH\index.php(70): CodeIgniter\CodeIgniter->run()
WARNING - 2023-12-25 17:58:40 --> [DEPRECATED] Creation of dynamic property App\Controllers\Admin\AdminProductosController::$Productos_model is deprecated in APPPATH\Controllers\Admin\AdminProductosController.php on line 12.
 1 SYSTEMPATH\CodeIgniter.php(914): App\Controllers\Admin\AdminProductosController->__construct()
 2 SYSTEMPATH\CodeIgniter.php(493): CodeIgniter\CodeIgniter->createController()
 3 SYSTEMPATH\CodeIgniter.php(361): CodeIgniter\CodeIgniter->handleRequest(null, Object(Config\Cache), false)
 4 FCPATH\index.php(70): CodeIgniter\CodeIgniter->run()
INFO - 2023-12-25 17:59:55 --> Session: Class initialized using 'CodeIgniter\Session\Handlers\FileHandler' driver.
WARNING - 2023-12-25 17:59:55 --> [DEPRECATED] Creation of dynamic property App\Controllers\Admin\AdminProductosController::$session is deprecated in APPPATH\Controllers\Admin\AdminProductosController.php on line 11.
 1 SYSTEMPATH\CodeIgniter.php(914): App\Controllers\Admin\AdminProductosController->__construct()
 2 SYSTEMPATH\CodeIgniter.php(493): CodeIgniter\CodeIgniter->createController()
 3 SYSTEMPATH\CodeIgniter.php(361): CodeIgniter\CodeIgniter->handleRequest(null, Object(Config\Cache), false)
 4 FCPATH\index.php(70): CodeIgniter\CodeIgniter->run()
WARNING - 2023-12-25 17:59:55 --> [DEPRECATED] Creation of dynamic property App\Controllers\Admin\AdminProductosController::$Productos_model is deprecated in APPPATH\Controllers\Admin\AdminProductosController.php on line 12.
 1 SYSTEMPATH\CodeIgniter.php(914): App\Controllers\Admin\AdminProductosController->__construct()
 2 SYSTEMPATH\CodeIgniter.php(493): CodeIgniter\CodeIgniter->createController()
 3 SYSTEMPATH\CodeIgniter.php(361): CodeIgniter\CodeIgniter->handleRequest(null, Object(Config\Cache), false)
 4 FCPATH\index.php(70): CodeIgniter\CodeIgniter->run()
INFO - 2023-12-25 18:00:08 --> Session: Class initialized using 'CodeIgniter\Session\Handlers\FileHandler' driver.
WARNING - 2023-12-25 18:00:08 --> [DEPRECATED] Creation of dynamic property App\Controllers\Admin\AdminProductosController::$session is deprecated in APPPATH\Controllers\Admin\AdminProductosController.php on line 11.
 1 SYSTEMPATH\CodeIgniter.php(914): App\Controllers\Admin\AdminProductosController->__construct()
 2 SYSTEMPATH\CodeIgniter.php(493): CodeIgniter\CodeIgniter->createController()
 3 SYSTEMPATH\CodeIgniter.php(361): CodeIgniter\CodeIgniter->handleRequest(null, Object(Config\Cache), false)
 4 FCPATH\index.php(70): CodeIgniter\CodeIgniter->run()
WARNING - 2023-12-25 18:00:08 --> [DEPRECATED] Creation of dynamic property App\Controllers\Admin\AdminProductosController::$Productos_model is deprecated in APPPATH\Controllers\Admin\AdminProductosController.php on line 12.
 1 SYSTEMPATH\CodeIgniter.php(914): App\Controllers\Admin\AdminProductosController->__construct()
 2 SYSTEMPATH\CodeIgniter.php(493): CodeIgniter\CodeIgniter->createController()
 3 SYSTEMPATH\CodeIgniter.php(361): CodeIgniter\CodeIgniter->handleRequest(null, Object(Config\Cache), false)
 4 FCPATH\index.php(70): CodeIgniter\CodeIgniter->run()
INFO - 2023-12-25 18:09:40 --> Session: Class initialized using 'CodeIgniter\Session\Handlers\FileHandler' driver.
WARNING - 2023-12-25 18:09:40 --> [DEPRECATED] Creation of dynamic property App\Controllers\Admin\AdminProductosController::$session is deprecated in APPPATH\Controllers\Admin\AdminProductosController.php on line 11.
 1 SYSTEMPATH\CodeIgniter.php(914): App\Controllers\Admin\AdminProductosController->__construct()
 2 SYSTEMPATH\CodeIgniter.php(493): CodeIgniter\CodeIgniter->createController()
 3 SYSTEMPATH\CodeIgniter.php(361): CodeIgniter\CodeIgniter->handleRequest(null, Object(Config\Cache), false)
 4 FCPATH\index.php(70): CodeIgniter\CodeIgniter->run()
WARNING - 2023-12-25 18:09:40 --> [DEPRECATED] Creation of dynamic property App\Controllers\Admin\AdminProductosController::$Productos_model is deprecated in APPPATH\Controllers\Admin\AdminProductosController.php on line 12.
 1 SYSTEMPATH\CodeIgniter.php(914): App\Controllers\Admin\AdminProductosController->__construct()
 2 SYSTEMPATH\CodeIgniter.php(493): CodeIgniter\CodeIgniter->createController()
 3 SYSTEMPATH\CodeIgniter.php(361): CodeIgniter\CodeIgniter->handleRequest(null, Object(Config\Cache), false)
 4 FCPATH\index.php(70): CodeIgniter\CodeIgniter->run()
INFO - 2023-12-25 18:21:37 --> Session: Class initialized using 'CodeIgniter\Session\Handlers\FileHandler' driver.
WARNING - 2023-12-25 18:21:37 --> [DEPRECATED] Creation of dynamic property App\Controllers\Admin\AdminProductosController::$session is deprecated in APPPATH\Controllers\Admin\AdminProductosController.php on line 11.
 1 SYSTEMPATH\CodeIgniter.php(914): App\Controllers\Admin\AdminProductosController->__construct()
 2 SYSTEMPATH\CodeIgniter.php(493): CodeIgniter\CodeIgniter->createController()
 3 SYSTEMPATH\CodeIgniter.php(361): CodeIgniter\CodeIgniter->handleRequest(null, Object(Config\Cache), false)
 4 FCPATH\index.php(70): CodeIgniter\CodeIgniter->run()
WARNING - 2023-12-25 18:21:37 --> [DEPRECATED] Creation of dynamic property App\Controllers\Admin\AdminProductosController::$Productos_model is deprecated in APPPATH\Controllers\Admin\AdminProductosController.php on line 12.
 1 SYSTEMPATH\CodeIgniter.php(914): App\Controllers\Admin\AdminProductosController->__construct()
 2 SYSTEMPATH\CodeIgniter.php(493): CodeIgniter\CodeIgniter->createController()
 3 SYSTEMPATH\CodeIgniter.php(361): CodeIgniter\CodeIgniter->handleRequest(null, Object(Config\Cache), false)
 4 FCPATH\index.php(70): CodeIgniter\CodeIgniter->run()
INFO - 2023-12-25 18:22:01 --> Session: Class initialized using 'CodeIgniter\Session\Handlers\FileHandler' driver.
WARNING - 2023-12-25 18:22:01 --> [DEPRECATED] Creation of dynamic property App\Controllers\Admin\AdminProductosController::$session is deprecated in APPPATH\Controllers\Admin\AdminProductosController.php on line 11.
 1 SYSTEMPATH\CodeIgniter.php(914): App\Controllers\Admin\AdminProductosController->__construct()
 2 SYSTEMPATH\CodeIgniter.php(493): CodeIgniter\CodeIgniter->createController()
 3 SYSTEMPATH\CodeIgniter.php(361): CodeIgniter\CodeIgniter->handleRequest(null, Object(Config\Cache), false)
 4 FCPATH\index.php(70): CodeIgniter\CodeIgniter->run()
WARNING - 2023-12-25 18:22:01 --> [DEPRECATED] Creation of dynamic property App\Controllers\Admin\AdminProductosController::$Productos_model is deprecated in APPPATH\Controllers\Admin\AdminProductosController.php on line 12.
 1 SYSTEMPATH\CodeIgniter.php(914): App\Controllers\Admin\AdminProductosController->__construct()
 2 SYSTEMPATH\CodeIgniter.php(493): CodeIgniter\CodeIgniter->createController()
 3 SYSTEMPATH\CodeIgniter.php(361): CodeIgniter\CodeIgniter->handleRequest(null, Object(Config\Cache), false)
 4 FCPATH\index.php(70): CodeIgniter\CodeIgniter->run()
INFO - 2023-12-25 18:23:38 --> Session: Class initialized using 'CodeIgniter\Session\Handlers\FileHandler' driver.
WARNING - 2023-12-25 18:23:38 --> [DEPRECATED] Creation of dynamic property App\Controllers\Admin\AdminProductosController::$session is deprecated in APPPATH\Controllers\Admin\AdminProductosController.php on line 11.
 1 SYSTEMPATH\CodeIgniter.php(914): App\Controllers\Admin\AdminProductosController->__construct()
 2 SYSTEMPATH\CodeIgniter.php(493): CodeIgniter\CodeIgniter->createController()
 3 SYSTEMPATH\CodeIgniter.php(361): CodeIgniter\CodeIgniter->handleRequest(null, Object(Config\Cache), false)
 4 FCPATH\index.php(70): CodeIgniter\CodeIgniter->run()
WARNING - 2023-12-25 18:23:38 --> [DEPRECATED] Creation of dynamic property App\Controllers\Admin\AdminProductosController::$Productos_model is deprecated in APPPATH\Controllers\Admin\AdminProductosController.php on line 12.
 1 SYSTEMPATH\CodeIgniter.php(914): App\Controllers\Admin\AdminProductosController->__construct()
 2 SYSTEMPATH\CodeIgniter.php(493): CodeIgniter\CodeIgniter->createController()
 3 SYSTEMPATH\CodeIgniter.php(361): CodeIgniter\CodeIgniter->handleRequest(null, Object(Config\Cache), false)
 4 FCPATH\index.php(70): CodeIgniter\CodeIgniter->run()
INFO - 2023-12-25 18:24:29 --> Session: Class initialized using 'CodeIgniter\Session\Handlers\FileHandler' driver.
WARNING - 2023-12-25 18:24:29 --> [DEPRECATED] Creation of dynamic property App\Controllers\Admin\AdminProductosController::$session is deprecated in APPPATH\Controllers\Admin\AdminProductosController.php on line 11.
 1 SYSTEMPATH\CodeIgniter.php(914): App\Controllers\Admin\AdminProductosController->__construct()
 2 SYSTEMPATH\CodeIgniter.php(493): CodeIgniter\CodeIgniter->createController()
 3 SYSTEMPATH\CodeIgniter.php(361): CodeIgniter\CodeIgniter->handleRequest(null, Object(Config\Cache), false)
 4 FCPATH\index.php(70): CodeIgniter\CodeIgniter->run()
WARNING - 2023-12-25 18:24:29 --> [DEPRECATED] Creation of dynamic property App\Controllers\Admin\AdminProductosController::$Productos_model is deprecated in APPPATH\Controllers\Admin\AdminProductosController.php on line 12.
 1 SYSTEMPATH\CodeIgniter.php(914): App\Controllers\Admin\AdminProductosController->__construct()
 2 SYSTEMPATH\CodeIgniter.php(493): CodeIgniter\CodeIgniter->createController()
 3 SYSTEMPATH\CodeIgniter.php(361): CodeIgniter\CodeIgniter->handleRequest(null, Object(Config\Cache), false)
 4 FCPATH\index.php(70): CodeIgniter\CodeIgniter->run()
INFO - 2023-12-25 18:25:37 --> Session: Class initialized using 'CodeIgniter\Session\Handlers\FileHandler' driver.
WARNING - 2023-12-25 18:25:37 --> [DEPRECATED] Creation of dynamic property App\Controllers\Admin\AdminProductosController::$session is deprecated in APPPATH\Controllers\Admin\AdminProductosController.php on line 11.
 1 SYSTEMPATH\CodeIgniter.php(914): App\Controllers\Admin\AdminProductosController->__construct()
 2 SYSTEMPATH\CodeIgniter.php(493): CodeIgniter\CodeIgniter->createController()
 3 SYSTEMPATH\CodeIgniter.php(361): CodeIgniter\CodeIgniter->handleRequest(null, Object(Config\Cache), false)
 4 FCPATH\index.php(70): CodeIgniter\CodeIgniter->run()
WARNING - 2023-12-25 18:25:37 --> [DEPRECATED] Creation of dynamic property App\Controllers\Admin\AdminProductosController::$Productos_model is deprecated in APPPATH\Controllers\Admin\AdminProductosController.php on line 12.
 1 SYSTEMPATH\CodeIgniter.php(914): App\Controllers\Admin\AdminProductosController->__construct()
 2 SYSTEMPATH\CodeIgniter.php(493): CodeIgniter\CodeIgniter->createController()
 3 SYSTEMPATH\CodeIgniter.php(361): CodeIgniter\CodeIgniter->handleRequest(null, Object(Config\Cache), false)
 4 FCPATH\index.php(70): CodeIgniter\CodeIgniter->run()
INFO - 2023-12-25 18:25:43 --> Session: Class initialized using 'CodeIgniter\Session\Handlers\FileHandler' driver.
WARNING - 2023-12-25 18:25:43 --> [DEPRECATED] Creation of dynamic property App\Controllers\Admin\AdminProductosController::$session is deprecated in APPPATH\Controllers\Admin\AdminProductosController.php on line 11.
 1 SYSTEMPATH\CodeIgniter.php(914): App\Controllers\Admin\AdminProductosController->__construct()
 2 SYSTEMPATH\CodeIgniter.php(493): CodeIgniter\CodeIgniter->createController()
 3 SYSTEMPATH\CodeIgniter.php(361): CodeIgniter\CodeIgniter->handleRequest(null, Object(Config\Cache), false)
 4 FCPATH\index.php(70): CodeIgniter\CodeIgniter->run()
WARNING - 2023-12-25 18:25:43 --> [DEPRECATED] Creation of dynamic property App\Controllers\Admin\AdminProductosController::$Productos_model is deprecated in APPPATH\Controllers\Admin\AdminProductosController.php on line 12.
 1 SYSTEMPATH\CodeIgniter.php(914): App\Controllers\Admin\AdminProductosController->__construct()
 2 SYSTEMPATH\CodeIgniter.php(493): CodeIgniter\CodeIgniter->createController()
 3 SYSTEMPATH\CodeIgniter.php(361): CodeIgniter\CodeIgniter->handleRequest(null, Object(Config\Cache), false)
 4 FCPATH\index.php(70): CodeIgniter\CodeIgniter->run()
INFO - 2023-12-25 18:25:54 --> Session: Class initialized using 'CodeIgniter\Session\Handlers\FileHandler' driver.
WARNING - 2023-12-25 18:25:54 --> [DEPRECATED] Creation of dynamic property App\Controllers\ProductosController::$session is deprecated in APPPATH\Controllers\ProductosController.php on line 9.
 1 SYSTEMPATH\CodeIgniter.php(914): App\Controllers\ProductosController->__construct()
 2 SYSTEMPATH\CodeIgniter.php(493): CodeIgniter\CodeIgniter->createController()
 3 SYSTEMPATH\CodeIgniter.php(361): CodeIgniter\CodeIgniter->handleRequest(null, Object(Config\Cache), false)
 4 FCPATH\index.php(70): CodeIgniter\CodeIgniter->run()
WARNING - 2023-12-25 18:25:54 --> [DEPRECATED] Creation of dynamic property App\Controllers\ProductosController::$Productos_model is deprecated in APPPATH\Controllers\ProductosController.php on line 10.
 1 SYSTEMPATH\CodeIgniter.php(914): App\Controllers\ProductosController->__construct()
 2 SYSTEMPATH\CodeIgniter.php(493): CodeIgniter\CodeIgniter->createController()
 3 SYSTEMPATH\CodeIgniter.php(361): CodeIgniter\CodeIgniter->handleRequest(null, Object(Config\Cache), false)
 4 FCPATH\index.php(70): CodeIgniter\CodeIgniter->run()
INFO - 2023-12-25 18:25:54 --> Session: Class initialized using 'CodeIgniter\Session\Handlers\FileHandler' driver.
WARNING - 2023-12-25 18:25:54 --> [DEPRECATED] Creation of dynamic property App\Controllers\ProductosController::$session is deprecated in APPPATH\Controllers\ProductosController.php on line 9.
 1 SYSTEMPATH\CodeIgniter.php(914): App\Controllers\ProductosController->__construct()
 2 SYSTEMPATH\CodeIgniter.php(493): CodeIgniter\CodeIgniter->createController()
 3 SYSTEMPATH\CodeIgniter.php(361): CodeIgniter\CodeIgniter->handleRequest(null, Object(Config\Cache), false)
 4 FCPATH\index.php(70): CodeIgniter\CodeIgniter->run()
WARNING - 2023-12-25 18:25:54 --> [DEPRECATED] Creation of dynamic property App\Controllers\ProductosController::$Productos_model is deprecated in APPPATH\Controllers\ProductosController.php on line 10.
 1 SYSTEMPATH\CodeIgniter.php(914): App\Controllers\ProductosController->__construct()
 2 SYSTEMPATH\CodeIgniter.php(493): CodeIgniter\CodeIgniter->createController()
 3 SYSTEMPATH\CodeIgniter.php(361): CodeIgniter\CodeIgniter->handleRequest(null, Object(Config\Cache), false)
 4 FCPATH\index.php(70): CodeIgniter\CodeIgniter->run()
INFO - 2023-12-25 18:26:06 --> Session: Class initialized using 'CodeIgniter\Session\Handlers\FileHandler' driver.
WARNING - 2023-12-25 18:26:06 --> [DEPRECATED] Creation of dynamic property App\Controllers\ProductosController::$session is deprecated in APPPATH\Controllers\ProductosController.php on line 9.
 1 SYSTEMPATH\CodeIgniter.php(914): App\Controllers\ProductosController->__construct()
 2 SYSTEMPATH\CodeIgniter.php(493): CodeIgniter\CodeIgniter->createController()
 3 SYSTEMPATH\CodeIgniter.php(361): CodeIgniter\CodeIgniter->handleRequest(null, Object(Config\Cache), false)
 4 FCPATH\index.php(70): CodeIgniter\CodeIgniter->run()
WARNING - 2023-12-25 18:26:06 --> [DEPRECATED] Creation of dynamic property App\Controllers\ProductosController::$Productos_model is deprecated in APPPATH\Controllers\ProductosController.php on line 10.
 1 SYSTEMPATH\CodeIgniter.php(914): App\Controllers\ProductosController->__construct()
 2 SYSTEMPATH\CodeIgniter.php(493): CodeIgniter\CodeIgniter->createController()
 3 SYSTEMPATH\CodeIgniter.php(361): CodeIgniter\CodeIgniter->handleRequest(null, Object(Config\Cache), false)
 4 FCPATH\index.php(70): CodeIgniter\CodeIgniter->run()
INFO - 2023-12-25 18:26:19 --> Session: Class initialized using 'CodeIgniter\Session\Handlers\FileHandler' driver.
WARNING - 2023-12-25 18:26:19 --> [DEPRECATED] Creation of dynamic property App\Controllers\ProductosController::$session is deprecated in APPPATH\Controllers\ProductosController.php on line 9.
 1 SYSTEMPATH\CodeIgniter.php(914): App\Controllers\ProductosController->__construct()
 2 SYSTEMPATH\CodeIgniter.php(493): CodeIgniter\CodeIgniter->createController()
 3 SYSTEMPATH\CodeIgniter.php(361): CodeIgniter\CodeIgniter->handleRequest(null, Object(Config\Cache), false)
 4 FCPATH\index.php(70): CodeIgniter\CodeIgniter->run()
WARNING - 2023-12-25 18:26:19 --> [DEPRECATED] Creation of dynamic property App\Controllers\ProductosController::$Productos_model is deprecated in APPPATH\Controllers\ProductosController.php on line 10.
 1 SYSTEMPATH\CodeIgniter.php(914): App\Controllers\ProductosController->__construct()
 2 SYSTEMPATH\CodeIgniter.php(493): CodeIgniter\CodeIgniter->createController()
 3 SYSTEMPATH\CodeIgniter.php(361): CodeIgniter\CodeIgniter->handleRequest(null, Object(Config\Cache), false)
 4 FCPATH\index.php(70): CodeIgniter\CodeIgniter->run()
INFO - 2023-12-25 18:26:19 --> Session: Class initialized using 'CodeIgniter\Session\Handlers\FileHandler' driver.
WARNING - 2023-12-25 18:26:19 --> [DEPRECATED] Creation of dynamic property App\Controllers\ProductosController::$session is deprecated in APPPATH\Controllers\ProductosController.php on line 9.
 1 SYSTEMPATH\CodeIgniter.php(914): App\Controllers\ProductosController->__construct()
 2 SYSTEMPATH\CodeIgniter.php(493): CodeIgniter\CodeIgniter->createController()
 3 SYSTEMPATH\CodeIgniter.php(361): CodeIgniter\CodeIgniter->handleRequest(null, Object(Config\Cache), false)
 4 FCPATH\index.php(70): CodeIgniter\CodeIgniter->run()
WARNING - 2023-12-25 18:26:19 --> [DEPRECATED] Creation of dynamic property App\Controllers\ProductosController::$Productos_model is deprecated in APPPATH\Controllers\ProductosController.php on line 10.
 1 SYSTEMPATH\CodeIgniter.php(914): App\Controllers\ProductosController->__construct()
 2 SYSTEMPATH\CodeIgniter.php(493): CodeIgniter\CodeIgniter->createController()
 3 SYSTEMPATH\CodeIgniter.php(361): CodeIgniter\CodeIgniter->handleRequest(null, Object(Config\Cache), false)
 4 FCPATH\index.php(70): CodeIgniter\CodeIgniter->run()
INFO - 2023-12-25 18:26:19 --> Session: Class initialized using 'CodeIgniter\Session\Handlers\FileHandler' driver.
WARNING - 2023-12-25 18:26:19 --> [DEPRECATED] Creation of dynamic property App\Controllers\ProductosController::$session is deprecated in APPPATH\Controllers\ProductosController.php on line 9.
 1 SYSTEMPATH\CodeIgniter.php(914): App\Controllers\ProductosController->__construct()
 2 SYSTEMPATH\CodeIgniter.php(493): CodeIgniter\CodeIgniter->createController()
 3 SYSTEMPATH\CodeIgniter.php(361): CodeIgniter\CodeIgniter->handleRequest(null, Object(Config\Cache), false)
 4 FCPATH\index.php(70): CodeIgniter\CodeIgniter->run()
WARNING - 2023-12-25 18:26:19 --> [DEPRECATED] Creation of dynamic property App\Controllers\ProductosController::$Productos_model is deprecated in APPPATH\Controllers\ProductosController.php on line 10.
 1 SYSTEMPATH\CodeIgniter.php(914): App\Controllers\ProductosController->__construct()
 2 SYSTEMPATH\CodeIgniter.php(493): CodeIgniter\CodeIgniter->createController()
 3 SYSTEMPATH\CodeIgniter.php(361): CodeIgniter\CodeIgniter->handleRequest(null, Object(Config\Cache), false)
 4 FCPATH\index.php(70): CodeIgniter\CodeIgniter->run()
INFO - 2023-12-25 18:26:21 --> Session: Class initialized using 'CodeIgniter\Session\Handlers\FileHandler' driver.
WARNING - 2023-12-25 18:26:21 --> [DEPRECATED] Creation of dynamic property App\Controllers\ProductosController::$session is deprecated in APPPATH\Controllers\ProductosController.php on line 9.
 1 SYSTEMPATH\CodeIgniter.php(914): App\Controllers\ProductosController->__construct()
 2 SYSTEMPATH\CodeIgniter.php(493): CodeIgniter\CodeIgniter->createController()
 3 SYSTEMPATH\CodeIgniter.php(361): CodeIgniter\CodeIgniter->handleRequest(null, Object(Config\Cache), false)
 4 FCPATH\index.php(70): CodeIgniter\CodeIgniter->run()
WARNING - 2023-12-25 18:26:21 --> [DEPRECATED] Creation of dynamic property App\Controllers\ProductosController::$Productos_model is deprecated in APPPATH\Controllers\ProductosController.php on line 10.
 1 SYSTEMPATH\CodeIgniter.php(914): App\Controllers\ProductosController->__construct()
 2 SYSTEMPATH\CodeIgniter.php(493): CodeIgniter\CodeIgniter->createController()
 3 SYSTEMPATH\CodeIgniter.php(361): CodeIgniter\CodeIgniter->handleRequest(null, Object(Config\Cache), false)
 4 FCPATH\index.php(70): CodeIgniter\CodeIgniter->run()
INFO - 2023-12-25 18:26:21 --> Session: Class initialized using 'CodeIgniter\Session\Handlers\FileHandler' driver.
WARNING - 2023-12-25 18:26:21 --> [DEPRECATED] Creation of dynamic property App\Controllers\ProductosController::$session is deprecated in APPPATH\Controllers\ProductosController.php on line 9.
 1 SYSTEMPATH\CodeIgniter.php(914): App\Controllers\ProductosController->__construct()
 2 SYSTEMPATH\CodeIgniter.php(493): CodeIgniter\CodeIgniter->createController()
 3 SYSTEMPATH\CodeIgniter.php(361): CodeIgniter\CodeIgniter->handleRequest(null, Object(Config\Cache), false)
 4 FCPATH\index.php(70): CodeIgniter\CodeIgniter->run()
WARNING - 2023-12-25 18:26:21 --> [DEPRECATED] Creation of dynamic property App\Controllers\ProductosController::$Productos_model is deprecated in APPPATH\Controllers\ProductosController.php on line 10.
 1 SYSTEMPATH\CodeIgniter.php(914): App\Controllers\ProductosController->__construct()
 2 SYSTEMPATH\CodeIgniter.php(493): CodeIgniter\CodeIgniter->createController()
 3 SYSTEMPATH\CodeIgniter.php(361): CodeIgniter\CodeIgniter->handleRequest(null, Object(Config\Cache), false)
 4 FCPATH\index.php(70): CodeIgniter\CodeIgniter->run()
INFO - 2023-12-25 18:26:21 --> Session: Class initialized using 'CodeIgniter\Session\Handlers\FileHandler' driver.
WARNING - 2023-12-25 18:26:21 --> [DEPRECATED] Creation of dynamic property App\Controllers\ProductosController::$session is deprecated in APPPATH\Controllers\ProductosController.php on line 9.
 1 SYSTEMPATH\CodeIgniter.php(914): App\Controllers\ProductosController->__construct()
 2 SYSTEMPATH\CodeIgniter.php(493): CodeIgniter\CodeIgniter->createController()
 3 SYSTEMPATH\CodeIgniter.php(361): CodeIgniter\CodeIgniter->handleRequest(null, Object(Config\Cache), false)
 4 FCPATH\index.php(70): CodeIgniter\CodeIgniter->run()
WARNING - 2023-12-25 18:26:21 --> [DEPRECATED] Creation of dynamic property App\Controllers\ProductosController::$Productos_model is deprecated in APPPATH\Controllers\ProductosController.php on line 10.
 1 SYSTEMPATH\CodeIgniter.php(914): App\Controllers\ProductosController->__construct()
 2 SYSTEMPATH\CodeIgniter.php(493): CodeIgniter\CodeIgniter->createController()
 3 SYSTEMPATH\CodeIgniter.php(361): CodeIgniter\CodeIgniter->handleRequest(null, Object(Config\Cache), false)
 4 FCPATH\index.php(70): CodeIgniter\CodeIgniter->run()
INFO - 2023-12-25 18:26:22 --> Session: Class initialized using 'CodeIgniter\Session\Handlers\FileHandler' driver.
WARNING - 2023-12-25 18:26:22 --> [DEPRECATED] Creation of dynamic property App\Controllers\ProductosController::$session is deprecated in APPPATH\Controllers\ProductosController.php on line 9.
 1 SYSTEMPATH\CodeIgniter.php(914): App\Controllers\ProductosController->__construct()
 2 SYSTEMPATH\CodeIgniter.php(493): CodeIgniter\CodeIgniter->createController()
 3 SYSTEMPATH\CodeIgniter.php(361): CodeIgniter\CodeIgniter->handleRequest(null, Object(Config\Cache), false)
 4 FCPATH\index.php(70): CodeIgniter\CodeIgniter->run()
WARNING - 2023-12-25 18:26:22 --> [DEPRECATED] Creation of dynamic property App\Controllers\ProductosController::$Productos_model is deprecated in APPPATH\Controllers\ProductosController.php on line 10.
 1 SYSTEMPATH\CodeIgniter.php(914): App\Controllers\ProductosController->__construct()
 2 SYSTEMPATH\CodeIgniter.php(493): CodeIgniter\CodeIgniter->createController()
 3 SYSTEMPATH\CodeIgniter.php(361): CodeIgniter\CodeIgniter->handleRequest(null, Object(Config\Cache), false)
 4 FCPATH\index.php(70): CodeIgniter\CodeIgniter->run()
INFO - 2023-12-25 18:26:22 --> Session: Class initialized using 'CodeIgniter\Session\Handlers\FileHandler' driver.
WARNING - 2023-12-25 18:26:22 --> [DEPRECATED] Creation of dynamic property App\Controllers\ProductosController::$session is deprecated in APPPATH\Controllers\ProductosController.php on line 9.
 1 SYSTEMPATH\CodeIgniter.php(914): App\Controllers\ProductosController->__construct()
 2 SYSTEMPATH\CodeIgniter.php(493): CodeIgniter\CodeIgniter->createController()
 3 SYSTEMPATH\CodeIgniter.php(361): CodeIgniter\CodeIgniter->handleRequest(null, Object(Config\Cache), false)
 4 FCPATH\index.php(70): CodeIgniter\CodeIgniter->run()
WARNING - 2023-12-25 18:26:22 --> [DEPRECATED] Creation of dynamic property App\Controllers\ProductosController::$Productos_model is deprecated in APPPATH\Controllers\ProductosController.php on line 10.
 1 SYSTEMPATH\CodeIgniter.php(914): App\Controllers\ProductosController->__construct()
 2 SYSTEMPATH\CodeIgniter.php(493): CodeIgniter\CodeIgniter->createController()
 3 SYSTEMPATH\CodeIgniter.php(361): CodeIgniter\CodeIgniter->handleRequest(null, Object(Config\Cache), false)
 4 FCPATH\index.php(70): CodeIgniter\CodeIgniter->run()
INFO - 2023-12-25 18:26:22 --> Session: Class initialized using 'CodeIgniter\Session\Handlers\FileHandler' driver.
WARNING - 2023-12-25 18:26:22 --> [DEPRECATED] Creation of dynamic property App\Controllers\ProductosController::$session is deprecated in APPPATH\Controllers\ProductosController.php on line 9.
 1 SYSTEMPATH\CodeIgniter.php(914): App\Controllers\ProductosController->__construct()
 2 SYSTEMPATH\CodeIgniter.php(493): CodeIgniter\CodeIgniter->createController()
 3 SYSTEMPATH\CodeIgniter.php(361): CodeIgniter\CodeIgniter->handleRequest(null, Object(Config\Cache), false)
 4 FCPATH\index.php(70): CodeIgniter\CodeIgniter->run()
WARNING - 2023-12-25 18:26:22 --> [DEPRECATED] Creation of dynamic property App\Controllers\ProductosController::$Productos_model is deprecated in APPPATH\Controllers\ProductosController.php on line 10.
 1 SYSTEMPATH\CodeIgniter.php(914): App\Controllers\ProductosController->__construct()
 2 SYSTEMPATH\CodeIgniter.php(493): CodeIgniter\CodeIgniter->createController()
 3 SYSTEMPATH\CodeIgniter.php(361): CodeIgniter\CodeIgniter->handleRequest(null, Object(Config\Cache), false)
 4 FCPATH\index.php(70): CodeIgniter\CodeIgniter->run()
INFO - 2023-12-25 18:26:24 --> Session: Class initialized using 'CodeIgniter\Session\Handlers\FileHandler' driver.
WARNING - 2023-12-25 18:26:24 --> [DEPRECATED] Creation of dynamic property App\Controllers\ProductosController::$session is deprecated in APPPATH\Controllers\ProductosController.php on line 9.
 1 SYSTEMPATH\CodeIgniter.php(914): App\Controllers\ProductosController->__construct()
 2 SYSTEMPATH\CodeIgniter.php(493): CodeIgniter\CodeIgniter->createController()
 3 SYSTEMPATH\CodeIgniter.php(361): CodeIgniter\CodeIgniter->handleRequest(null, Object(Config\Cache), false)
 4 FCPATH\index.php(70): CodeIgniter\CodeIgniter->run()
WARNING - 2023-12-25 18:26:24 --> [DEPRECATED] Creation of dynamic property App\Controllers\ProductosController::$Productos_model is deprecated in APPPATH\Controllers\ProductosController.php on line 10.
 1 SYSTEMPATH\CodeIgniter.php(914): App\Controllers\ProductosController->__construct()
 2 SYSTEMPATH\CodeIgniter.php(493): CodeIgniter\CodeIgniter->createController()
 3 SYSTEMPATH\CodeIgniter.php(361): CodeIgniter\CodeIgniter->handleRequest(null, Object(Config\Cache), false)
 4 FCPATH\index.php(70): CodeIgniter\CodeIgniter->run()
INFO - 2023-12-25 18:26:24 --> Session: Class initialized using 'CodeIgniter\Session\Handlers\FileHandler' driver.
WARNING - 2023-12-25 18:26:24 --> [DEPRECATED] Creation of dynamic property App\Controllers\ProductosController::$session is deprecated in APPPATH\Controllers\ProductosController.php on line 9.
 1 SYSTEMPATH\CodeIgniter.php(914): App\Controllers\ProductosController->__construct()
 2 SYSTEMPATH\CodeIgniter.php(493): CodeIgniter\CodeIgniter->createController()
 3 SYSTEMPATH\CodeIgniter.php(361): CodeIgniter\CodeIgniter->handleRequest(null, Object(Config\Cache), false)
 4 FCPATH\index.php(70): CodeIgniter\CodeIgniter->run()
WARNING - 2023-12-25 18:26:24 --> [DEPRECATED] Creation of dynamic property App\Controllers\ProductosController::$Productos_model is deprecated in APPPATH\Controllers\ProductosController.php on line 10.
 1 SYSTEMPATH\CodeIgniter.php(914): App\Controllers\ProductosController->__construct()
 2 SYSTEMPATH\CodeIgniter.php(493): CodeIgniter\CodeIgniter->createController()
 3 SYSTEMPATH\CodeIgniter.php(361): CodeIgniter\CodeIgniter->handleRequest(null, Object(Config\Cache), false)
 4 FCPATH\index.php(70): CodeIgniter\CodeIgniter->run()
